<?xml version="1.0" encoding="UTF-8"?>
<!-- Generated by org.testng.reporters.JUnitXMLReporter -->
<testsuite hostname="SIT-PC" ignored="0" name="Test" tests="5" failures="1" timestamp="20 Jan 2018 10:25:59 GMT" time="0.078" errors="0">
  <testcase name="Amazon" time="0.017" classname="mytests.Tests">
    <skipped/>
  </testcase> <!-- Amazon -->
  <testcase name="Amazon" time="0.002" classname="mytests.Tests">
    <skipped/>
  </testcase> <!-- Amazon -->
  <testcase name="Amazon" time="0.001" classname="mytests.Tests">
    <skipped/>
  </testcase> <!-- Amazon -->
  <testcase name="Amazon" time="0.001" classname="mytests.Tests">
    <failure type="java.lang.AssertionError" message="expected [false] but found [true]">
      <![CDATA[java.lang.AssertionError: expected [false] but found [true]at mytests.Tests.Amazon(Tests.java:15)... Removed 29 stack frames]]>
    </failure>
  </testcase> <!-- Amazon -->
  <testcase name="Wordpress" time="0.002" classname="mytests.Tests"/>
</testsuite> <!-- Test -->
